<?xml version="1.0" encoding="UTF-8"?>
<!-- Generated by org.testng.reporters.JUnitReportReporter -->
<testsuite skipped="0" hostname="LAPTOP-LCV9OEAB" name="com.qa.proj.tests.AccountsPageTest" tests="3" failures="0" timestamp="22 Aug 2021 22:06:50 GMT" time="11.651" errors="0">
  <testcase name="verifylistofSections" time="3.288" classname="com.qa.proj.tests.AccountsPageTest"/>
  <testcase name="verifylistofsubSections" time="3.218" classname="com.qa.proj.tests.AccountsPageTest"/>
  <testcase name="verifyNewsletterSubscription" time="5.145" classname="com.qa.proj.tests.AccountsPageTest"/>
</testsuite> <!-- com.qa.proj.tests.AccountsPageTest -->
