<?xml version="1.0" encoding="UTF-8"?>
<!-- Generated by org.testng.reporters.JUnitReportReporter -->
<testsuite skipped="0" hostname="LAPTOP-LCV9OEAB" name="com.qa.proj.tests.ShoppingCartPageTest" tests="1" failures="0" timestamp="16 Aug 2021 02:48:42 GMT" time="11.275" errors="0">
  <testcase name="verifyCheckOut" time="11.275" classname="com.qa.proj.tests.ShoppingCartPageTest"/>
</testsuite> <!-- com.qa.proj.tests.ShoppingCartPageTest -->
