<?xml version="1.0" encoding="UTF-8"?>
<!-- Generated by org.testng.reporters.JUnitReportReporter -->
<testsuite skipped="0" hostname="LAPTOP-LCV9OEAB" name="com.qa.proj.tests.LoginPageTest" tests="2" failures="0" timestamp="15 Sep 2021 18:37:44 GMT" time="6.471" errors="0">
  <testcase name="verifyLoginPageTiltleTest" time="3.307" classname="com.qa.proj.tests.LoginPageTest"/>
  <testcase name="verifyDesktopMenu" time="3.164" classname="com.qa.proj.tests.LoginPageTest"/>
</testsuite> <!-- com.qa.proj.tests.LoginPageTest -->
