<?xml version="1.0" encoding="UTF-8"?>
<!-- Generated by org.testng.reporters.JUnitReportReporter -->
<testsuite skipped="0" hostname="LAPTOP-LCV9OEAB" name="com.qa.proj.tests.LoginPageTest" tests="2" failures="0" timestamp="16 Aug 2021 02:48:42 GMT" time="7.573" errors="0">
  <testcase name="verifyLoginPageTiltleTest" time="3.068" classname="com.qa.proj.tests.LoginPageTest"/>
  <testcase name="verifyDesktopMenu" time="4.505" classname="com.qa.proj.tests.LoginPageTest"/>
</testsuite> <!-- com.qa.proj.tests.LoginPageTest -->
