<?xml version="1.0" encoding="UTF-8"?>
<!-- Generated by org.testng.reporters.JUnitReportReporter -->
<testsuite skipped="0" hostname="LAPTOP-LCV9OEAB" name="com.qa.proj.tests.ProductCategoryPageTest" tests="1" failures="0" timestamp="15 Sep 2021 18:37:44 GMT" time="10.531" errors="0">
  <testcase name="verifylistofSortByDropdown" time="10.531" classname="com.qa.proj.tests.ProductCategoryPageTest"/>
</testsuite> <!-- com.qa.proj.tests.ProductCategoryPageTest -->
