<?xml version="1.0" encoding="UTF-8"?>
<!-- Generated by org.testng.reporters.JUnitReportReporter -->
<testsuite skipped="0" hostname="LAPTOP-LCV9OEAB" name="com.qa.proj.tests.LoginPageTest" tests="2" failures="0" timestamp="22 Aug 2021 22:06:50 GMT" time="6.841" errors="0">
  <testcase name="verifyLoginPageTiltleTest" time="3.769" classname="com.qa.proj.tests.LoginPageTest"/>
  <testcase name="verifyDesktopMenu" time="3.072" classname="com.qa.proj.tests.LoginPageTest"/>
</testsuite> <!-- com.qa.proj.tests.LoginPageTest -->
