<?xml version="1.0" encoding="UTF-8"?>
<!-- Generated by org.testng.reporters.JUnitReportReporter -->
<testsuite skipped="0" hostname="LAPTOP-LCV9OEAB" name="com.qa.proj.tests.ShoppingCartPageTest" tests="1" failures="0" timestamp="22 Aug 2021 22:06:50 GMT" time="10.553" errors="0">
  <testcase name="verifyCheckOut" time="10.553" classname="com.qa.proj.tests.ShoppingCartPageTest"/>
</testsuite> <!-- com.qa.proj.tests.ShoppingCartPageTest -->
