<?xml version="1.0" encoding="UTF-8"?>
<!-- Generated by org.testng.reporters.JUnitReportReporter -->
<testsuite skipped="0" hostname="LAPTOP-LCV9OEAB" name="com.qa.proj.tests.AccountsPageTest" tests="3" failures="0" timestamp="15 Sep 2021 18:37:44 GMT" time="12.089" errors="0">
  <testcase name="verifylistofSections" time="3.142" classname="com.qa.proj.tests.AccountsPageTest"/>
  <testcase name="verifylistofsubSections" time="3.829" classname="com.qa.proj.tests.AccountsPageTest"/>
  <testcase name="verifyNewsletterSubscription" time="5.118" classname="com.qa.proj.tests.AccountsPageTest"/>
</testsuite> <!-- com.qa.proj.tests.AccountsPageTest -->
