<?xml version="1.0" encoding="UTF-8"?>
<!-- Generated by org.testng.reporters.JUnitReportReporter -->
<testsuite skipped="0" hostname="LAPTOP-LCV9OEAB" name="com.qa.proj.tests.ProductCategoryPageTest" tests="1" failures="0" timestamp="14 Sep 2021 18:26:15 GMT" time="9.378" errors="0">
  <testcase name="verifylistofSortByDropdown" time="9.378" classname="com.qa.proj.tests.ProductCategoryPageTest"/>
</testsuite> <!-- com.qa.proj.tests.ProductCategoryPageTest -->
