<?xml version="1.0" encoding="UTF-8"?>
<!-- Generated by org.testng.reporters.JUnitReportReporter -->
<testsuite skipped="0" hostname="LAPTOP-LCV9OEAB" name="com.qa.proj.tests.LoginPageTest" tests="2" failures="0" timestamp="14 Sep 2021 18:26:15 GMT" time="5.402" errors="0">
  <testcase name="verifyLoginPageTiltleTest" time="2.723" classname="com.qa.proj.tests.LoginPageTest"/>
  <testcase name="verifyDesktopMenu" time="2.679" classname="com.qa.proj.tests.LoginPageTest"/>
</testsuite> <!-- com.qa.proj.tests.LoginPageTest -->
