<?xml version="1.0" encoding="UTF-8"?>
<!-- Generated by org.testng.reporters.JUnitReportReporter -->
<testsuite skipped="0" hostname="LAPTOP-LCV9OEAB" name="com.qa.proj.tests.AccountsPageTest" tests="3" failures="0" timestamp="17 Aug 2021 00:24:02 GMT" time="10.548" errors="0">
  <testcase name="verifylistofSections" time="3.334" classname="com.qa.proj.tests.AccountsPageTest"/>
  <testcase name="verifylistofsubSections" time="3.175" classname="com.qa.proj.tests.AccountsPageTest"/>
  <testcase name="verifyNewsletterSubscription" time="4.039" classname="com.qa.proj.tests.AccountsPageTest"/>
</testsuite> <!-- com.qa.proj.tests.AccountsPageTest -->
