<?xml version="1.0" encoding="UTF-8"?>
<!-- Generated by org.testng.reporters.JUnitReportReporter -->
<testsuite skipped="0" hostname="LAPTOP-LCV9OEAB" name="com.qa.proj.tests.ShoppingCartPageTest" tests="1" failures="0" timestamp="17 Aug 2021 00:24:02 GMT" time="9.583" errors="0">
  <testcase name="verifyCheckOut" time="9.583" classname="com.qa.proj.tests.ShoppingCartPageTest"/>
</testsuite> <!-- com.qa.proj.tests.ShoppingCartPageTest -->
