<?xml version="1.0" encoding="UTF-8"?>
<!-- Generated by org.testng.reporters.JUnitReportReporter -->
<testsuite skipped="0" hostname="LAPTOP-LCV9OEAB" name="com.qa.proj.tests.LoginPageTest" tests="2" failures="0" timestamp="17 Aug 2021 00:24:02 GMT" time="5.822" errors="0">
  <testcase name="verifyLoginPageTiltleTest" time="2.918" classname="com.qa.proj.tests.LoginPageTest"/>
  <testcase name="verifyDesktopMenu" time="2.904" classname="com.qa.proj.tests.LoginPageTest"/>
</testsuite> <!-- com.qa.proj.tests.LoginPageTest -->
